{"level":"info","time":"2023-11-02T23:09:43.273+0800","msg":"http response status: 500 Internal Server Error"}
{"level":"info","time":"2023-11-02T23:09:43.273+0800","msg":"http response body: &{0x513720 {} 0x6cec40}"}
{"level":"info","time":"2023-11-02T23:11:08.525+0800","msg":"http response status: 500 Internal Server Error"}
{"level":"info","time":"2023-11-02T23:11:08.525+0800","msg":"http response body: &{0x513720 {} 0x6cec40}"}
{"level":"info","time":"2023-11-02T23:13:26.869+0800","msg":"http response status: 201 Created"}
{"level":"info","time":"2023-11-02T23:13:26.869+0800","msg":"http response body: &{%!s(func()=0x513720) %!s(*http.bodyEOFSignal=&{0xc0000a8040 {0 0} false <nil> 0x709f80 0x70a060}) %!s(func() bool=0x6cec40)}"}
{"level":"info","time":"2023-11-02T23:15:07.683+0800","msg":"http response status: 500 Internal Server Error"}
{"level":"info","time":"2023-11-02T23:15:07.684+0800","msg":"http response body: &{stop:0x513720 rc:{} reqDidTimeout:0x6cec40}"}
{"level":"info","time":"2023-11-03T01:20:31.955+0800","msg":"login response status: 401 Unauthorized"}
{"level":"info","time":"2023-11-03T01:20:31.955+0800","msg":"login response body: &{stop:0x513720 rc:{} reqDidTimeout:0x6cec40}"}
{"level":"info","time":"2023-11-03T01:28:06.922+0800","msg":"login response status: 401 Unauthorized"}
{"level":"info","time":"2023-11-03T01:28:06.922+0800","msg":"login response body: &{stop:0x513720 rc:{} reqDidTimeout:0x6cec40}"}
{"level":"info","time":"2023-11-03T01:32:46.570+0800","msg":"login response status: 401 Unauthorized"}
{"level":"info","time":"2023-11-03T01:32:46.571+0800","msg":"login response body: &{stop:0x513720 rc:{} reqDidTimeout:0x6cec40}"}
{"level":"info","time":"2023-11-03T01:43:12.566+0800","msg":"login response status: 401 Unauthorized"}
{"level":"info","time":"2023-11-03T01:43:12.566+0800","msg":"login response body: &{stop:0x513720 rc:{} reqDidTimeout:0x6cec40}"}
{"level":"info","time":"2023-11-03T01:43:39.355+0800","msg":"login response status: 401 Unauthorized"}
{"level":"info","time":"2023-11-03T01:43:39.356+0800","msg":"login response body: &{stop:0x513720 rc:{} reqDidTimeout:0x6cec40}"}
{"level":"info","time":"2023-11-03T01:45:09.337+0800","msg":"login response status: 401 Unauthorized"}
{"level":"info","time":"2023-11-03T01:45:09.337+0800","msg":"login response body: &{stop:0x513720 rc:{} reqDidTimeout:0x6cec40}"}
{"level":"info","time":"2023-11-03T01:45:42.914+0800","msg":"login response status: 401 Unauthorized"}
{"level":"info","time":"2023-11-03T01:45:42.914+0800","msg":"login response body: &{stop:0x513720 rc:{} reqDidTimeout:0x6cec40}"}
{"level":"info","time":"2023-11-03T01:47:02.892+0800","msg":"login response status: 401 Unauthorized"}
{"level":"info","time":"2023-11-03T01:47:02.892+0800","msg":"login response body: &{stop:0x513720 rc:{} reqDidTimeout:0x6cec40}"}
{"level":"info","time":"2023-11-03T01:49:42.082+0800","msg":"login response status: 401 Unauthorized"}
{"level":"info","time":"2023-11-03T01:49:42.082+0800","msg":"login response body: &{stop:0x513720 rc:{} reqDidTimeout:0x6cec40}"}
{"level":"info","time":"2023-11-03T01:57:22.937+0800","msg":"login response status: 200 OK"}
{"level":"info","time":"2023-11-03T01:57:22.937+0800","msg":"login response body: &{stop:0x513720 rc:0xc0000aa080 reqDidTimeout:0x6cec40}"}
{"level":"info","time":"2023-11-04T18:44:30.703+0800","msg":"login response status: 401 Unauthorized"}
{"level":"info","time":"2023-11-04T18:44:30.704+0800","msg":"login response body: &{stop:0x513720 rc:{} reqDidTimeout:0x6cec40}"}
{"level":"info","time":"2023-11-05T19:48:26.206+0800","msg":"login response status: 200 OK"}
{"level":"info","time":"2023-11-05T19:48:26.210+0800","msg":"login response body: &{stop:0x513800 rc:0xc0000b6040 reqDidTimeout:0x6ced20}"}
{"level":"info","time":"2023-11-05T19:51:53.690+0800","msg":"login response status: 200 OK"}
{"level":"info","time":"2023-11-05T19:51:53.690+0800","msg":"login response body: &{stop:0x513800 rc:0xc00007a080 reqDidTimeout:0x6ced20}"}
{"level":"info","time":"2023-11-05T20:01:13.897+0800","msg":"login response status: 200 OK"}
{"level":"info","time":"2023-11-05T20:01:13.897+0800","msg":"login response body: &{stop:0x513800 rc:0xc0000b6040 reqDidTimeout:0x6ced20}"}
{"level":"info","time":"2023-11-05T20:03:45.232+0800","msg":"login response status: 200 OK"}
{"level":"info","time":"2023-11-05T20:03:45.232+0800","msg":"login response body: &{stop:0x513800 rc:0xc00007a080 reqDidTimeout:0x6ced20}"}
{"level":"info","time":"2023-11-05T20:04:45.860+0800","msg":"login response status: 200 OK"}
{"level":"info","time":"2023-11-05T20:04:45.860+0800","msg":"login response body: &{stop:0x513800 rc:0xc0000a8080 reqDidTimeout:0x6ced20}"}
{"level":"info","time":"2023-11-05T20:06:14.813+0800","msg":"login response status: 200 OK"}
{"level":"info","time":"2023-11-05T20:06:14.813+0800","msg":"login response body: &{stop:0x513800 rc:0xc00007a880 reqDidTimeout:0x6ced20}"}
{"level":"info","time":"2023-11-05T20:25:23.569+0800","msg":"login response status: 200 OK"}
{"level":"info","time":"2023-11-05T20:25:23.569+0800","msg":"login response body: &{stop:0x513800 rc:0xc00007a080 reqDidTimeout:0x6ced20}"}
{"level":"info","time":"2023-11-06T20:27:07.047+0800","msg":"login response status: 200 OK"}
{"level":"info","time":"2023-11-06T20:27:07.047+0800","msg":"login response body: &{stop:0x513800 rc:0xc000216040 reqDidTimeout:0x6ced20}"}
